<?xml version="1.0" encoding="utf-8"?><testsuites name="pytest tests"><testsuite name="pytest" errors="0" failures="0" skipped="0" tests="20" time="11.617" timestamp="2026-09-04T23:10:50.485557+00:00" hostname="agent-env-93603f8d-06c1-4104-9986-f49e9d382e02"><testcase classname="tests.backend_test.TestMarketRegression" name="test_quote" time="0.976" /><testcase classname="tests.backend_test.TestPaymentsPlansAndCheckout" name="test_plans_returns_three" time="0.874" /><testcase classname="tests.backend_test.TestPaymentsPlansAndCheckout" name="test_checkout_unauthenticated_401" time="0.070" /><testcase classname="tests.backend_test.TestMarketRegression" name="test_ticker" time="0.367" /><testcase classname="tests.backend_test.TestPaymentsPlansAndCheckout" name="test_checkout_unknown_lookup_key_400" time="0.379" /><testcase classname="tests.backend_test.TestPaymentsPlansAndCheckout" name="test_checkout_creates_session_and_pending_tx[pro_monthly]" time="1.553" /><testcase classname="tests.backend_test.TestMarketRegression" name="test_chart" time="1.191" /><testcase classname="tests.backend_test.TestMarketRegression" name="test_search" time="0.310" /><testcase classname="tests.backend_test.TestMarketRegression" name="test_curated" time="1.160" /><testcase classname="tests.backend_test.TestPaymentsPlansAndCheckout" name="test_checkout_creates_session_and_pending_tx[pro_yearly]" time="1.433" /><testcase classname="tests.backend_test.TestFulfilmentSimulation" name="test_unlimited_lifetime_fulfilment_idempotent" time="2.952" /><testcase classname="tests.backend_test.TestPaymentsPlansAndCheckout" name="test_checkout_creates_session_and_pending_tx[unlimited_lifetime]" time="2.560" /><testcase classname="tests.backend_test.TestPaymentsPlansAndCheckout" name="test_status_unknown_session_404" time="0.071" /><testcase classname="tests.backend_test.TestPaymentsPlansAndCheckout" name="test_history_requires_auth_and_returns_items" time="0.331" /><testcase classname="tests.backend_test.TestFulfilmentSimulation" name="test_pro_monthly_fulfilment_sets_pro_until" time="1.937" /><testcase classname="tests.backend_test.TestStripeWebhook" name="test_invalid_signature_400" time="0.068" /><testcase classname="tests.backend_test.TestTradingRegression" name="test_market_buy_decreases_cash" time="2.763" /><testcase classname="tests.backend_test.TestFreeTierLimits" name="test_watchlist_limit_402_and_duplicate_not_counted" time="0.844" /><testcase classname="tests.backend_test.TestFreeTierLimits" name="test_reset_limit_402_and_counter" time="0.741" /><testcase classname="tests.backend_test.TestGoogleSessionRegression" name="test_seeded_session_token_works" time="0.165" /></testsuite></testsuites>